Starting net.minecraft.server.Main
[18:50:58] [ServerMain/INFO]: Building unoptimized datafixer
[18:51:00] [ServerMain/INFO]: Environment: authHost='https://authserver.mojang.com', accountsHost='https://api.mojang.com', sessionHost='https://sessionserver.mojang.com', servicesHost='https://api.minecraftservices.com', name='PROD'
[18:51:02] [ServerMain/INFO]: Loaded 7 recipes
[18:51:03] [ServerMain/INFO]: Loaded 1179 advancements
[18:51:04] [Server thread/INFO]: Starting minecraft server version 1.19.2
[18:51:04] [Server thread/INFO]: Loading properties
[18:51:04] [Server thread/INFO]: Default game type: SURVIVAL
[18:51:04] [Server thread/INFO]: Generating keypair
[18:51:04] [Server thread/INFO]: Starting Minecraft server on *:25565
[18:51:04] [Server thread/INFO]: Using default channel type
[18:51:04] [Server thread/INFO]: Preparing level "world"
[18:51:05] [Server thread/INFO]: Preparing start region for dimension minecraft:overworld
[18:51:10] [Worker-Main-2/INFO]: Preparing spawn area: 0%
[18:51:10] [Worker-Main-2/INFO]: Preparing spawn area: 0%
[18:51:10] [Worker-Main-1/INFO]: Preparing spawn area: 0%
[18:51:10] [Worker-Main-2/INFO]: Preparing spawn area: 0%
[18:51:10] [Worker-Main-2/INFO]: Preparing spawn area: 0%
[18:51:10] [Worker-Main-2/INFO]: Preparing spawn area: 0%
[18:51:10] [Worker-Main-2/INFO]: Preparing spawn area: 0%
[18:51:10] [Worker-Main-2/INFO]: Preparing spawn area: 0%
[18:51:10] [Worker-Main-1/INFO]: Preparing spawn area: 0%
[18:51:10] [Worker-Main-2/INFO]: Preparing spawn area: 0%
[18:51:10] [Worker-Main-2/INFO]: Preparing spawn area: 0%
[18:51:10] [Worker-Main-1/INFO]: Preparing spawn area: 0%
[18:51:11] [Worker-Main-2/INFO]: Preparing spawn area: 0%
[18:51:11] [Worker-Main-2/INFO]: Preparing spawn area: 0%
[18:51:12] [Worker-Main-1/INFO]: Preparing spawn area: 0%
[18:51:12] [Worker-Main-2/INFO]: Preparing spawn area: 10%
[18:51:13] [Worker-Main-2/INFO]: Preparing spawn area: 57%
[18:51:13] [Server thread/INFO]: Time elapsed: 8781 ms
[18:51:13] [Server thread/INFO]: Done (9.049s)! For help, type "help"
[19:57:51] [Server thread/INFO]: Stopping the server
[19:57:51] [Server thread/INFO]: Stopping server
[19:57:51] [Server thread/INFO]: Saving players
[19:57:51] [Server thread/INFO]: Saving worlds
[19:57:55] [Server thread/INFO]: Saving chunks for level 'ServerLevel[world]'/minecraft:overworld
[19:57:55] [Server thread/INFO]: Saving chunks for level 'ServerLevel[world]'/minecraft:the@!nether
[19:57:55] [Server thread/INFO]: Saving chunks for level 'ServerLevel[world]'/minecraft:the@!end
[19:57:56] [Server thread/INFO]: ThreadedAnvilChunkStorage (world): All chunks are saved
[19:57:56] [Server thread/INFO]: ThreadedAnvilChunkStorage (DIM-1): All chunks are saved
[19:57:56] [Server thread/INFO]: ThreadedAnvilChunkStorage (DIM1): All chunks are saved
[19:57:56] [Server thread/INFO]: ThreadedAnvilChunkStorage: All dimensions are saved
<colorization id='error'>Connection finished!</colorization>