Starting net.minecraft.server.Main
[18:45:48] [ServerMain/INFO]: Building unoptimized datafixer
[18:45:50] [ServerMain/INFO]: Environment: authHost='https://authserver.mojang.com', accountsHost='https://api.mojang.com', sessionHost='https://sessionserver.mojang.com', servicesHost='https://api.minecraftservices.com', name='PROD'
[18:45:55] [ServerMain/INFO]: Loaded 7 recipes
[18:45:55] [ServerMain/INFO]: Loaded 1179 advancements
[18:45:57] [Server thread/INFO]: Starting minecraft server version 1.19.2
[18:45:57] [Server thread/INFO]: Loading properties
[18:45:57] [Server thread/INFO]: Default game type: SURVIVAL
[18:45:57] [Server thread/INFO]: Generating keypair
[18:45:57] [Server thread/INFO]: Starting Minecraft server on *:25565
[18:45:58] [Server thread/INFO]: Using default channel type
[18:45:58] [Server thread/INFO]: Preparing level "world"
[18:45:58] [Server thread/INFO]: Preparing start region for dimension minecraft:overworld
[18:46:01] [Worker-Main-2/INFO]: Preparing spawn area: 0%
[18:46:02] [Worker-Main-3/INFO]: Preparing spawn area: 0%
[18:46:02] [Worker-Main-2/INFO]: Preparing spawn area: 0%
[18:46:02] [Worker-Main-2/INFO]: Preparing spawn area: 0%
[18:46:02] [Worker-Main-2/INFO]: Preparing spawn area: 0%
[18:46:02] [Worker-Main-2/INFO]: Preparing spawn area: 0%
[18:46:02] [Worker-Main-2/INFO]: Preparing spawn area: 0%
[18:46:02] [Worker-Main-2/INFO]: Preparing spawn area: 0%
[18:46:02] [Worker-Main-3/INFO]: Preparing spawn area: 0%
[18:46:03] [Worker-Main-3/INFO]: Preparing spawn area: 0%
[18:46:03] [Worker-Main-2/INFO]: Preparing spawn area: 0%
[18:46:04] [Worker-Main-2/INFO]: Preparing spawn area: 0%
[18:46:04] [Worker-Main-2/INFO]: Preparing spawn area: 0%
[18:46:05] [Worker-Main-3/INFO]: Preparing spawn area: 0%
[18:46:05] [Worker-Main-2/INFO]: Preparing spawn area: 0%
[18:46:06] [Worker-Main-3/INFO]: Preparing spawn area: 0%
[18:46:06] [Worker-Main-2/INFO]: Preparing spawn area: 0%
[18:46:07] [Worker-Main-2/INFO]: Preparing spawn area: 0%
[18:46:07] [Worker-Main-3/INFO]: Preparing spawn area: 0%
[18:46:08] [Worker-Main-2/INFO]: Preparing spawn area: 16%
[18:46:09] [Server thread/INFO]: Time elapsed: 10346 ms
[18:46:09] [Server thread/INFO]: Done (10.792s)! For help, type "help"
[18:46:09] [Server thread/INFO]: Stopping the server
[18:46:09] [Server thread/INFO]: Stopping server
[18:46:09] [Server thread/INFO]: Saving players
[18:46:09] [Server thread/INFO]: Saving worlds
[18:46:15] [Server thread/INFO]: Saving chunks for level 'ServerLevel[world]'/minecraft:overworld
[18:46:16] [Server thread/INFO]: Saving chunks for level 'ServerLevel[world]'/minecraft:the@!nether
[18:46:16] [Server thread/INFO]: Saving chunks for level 'ServerLevel[world]'/minecraft:the@!end
[18:46:16] [Server thread/INFO]: ThreadedAnvilChunkStorage (world): All chunks are saved
[18:46:16] [Server thread/INFO]: ThreadedAnvilChunkStorage (DIM-1): All chunks are saved
[18:46:16] [Server thread/INFO]: ThreadedAnvilChunkStorage (DIM1): All chunks are saved
[18:46:16] [Server thread/INFO]: ThreadedAnvilChunkStorage: All dimensions are saved
