Unbundling libraries to C:\Users\Gustavo\Desktop\ServerMine\Server\bundler
Starting server
Loading libraries, please wait...
[20:52:15] [ServerMain/INFO]: Building unoptimized datafixer
[20:52:16] [ServerMain/INFO]: Environment: authHost='https://authserver.mojang.com', accountsHost='https://api.mojang.com', sessionHost='https://sessionserver.mojang.com', servicesHost='https://api.minecraftservices.com', name='PROD'
[20:52:18] [ServerMain/INFO]: Loaded 7 recipes
[20:52:15] [ServerMain/INFO]: Building unoptimized datafixer
[20:52:16] [ServerMain/INFO]: Environment: authHost='https://authserver.mojang.com', accountsHost='https://api.mojang.com', sessionHost='https://sessionserver.mojang.com', servicesHost='https://api.minecraftservices.com', name='PROD'
[20:52:18] [ServerMain/INFO]: Loaded 7 recipes
[20:52:18] [Server thread/INFO]: Starting minecraft server version 1.19.2
[20:52:18] [Server thread/INFO]: Loading properties
[20:52:19] [Server thread/INFO]: This server is running CraftBukkit version 3575-Spigot-450dcaa-370eece (MC: 1.19.2) (Implementing API version 1.19.2-R0.1-SNAPSHOT)
[20:52:19] [Server thread/INFO]: Debug logging is disabled
[20:52:19] [Server thread/INFO]: Server Ping Player Sample Count: 12
[20:52:19] [Server thread/INFO]: Using 4 threads for Netty based IO
[20:52:19] [Server thread/INFO]: Default game type: SURVIVAL
[20:52:19] [Server thread/INFO]: Generating keypair
[20:52:19] [Server thread/INFO]: Starting Minecraft server on *:25565
[20:52:19] [Server thread/INFO]: Using default channel type
[20:52:19] [Server thread/INFO]: Preparing level "world"
[20:52:19] [Server thread/INFO]: -------- World Settings For [world] --------
[20:52:19] [Server thread/INFO]: Item Despawn Rate: 6000
[20:52:19] [Server thread/INFO]: Item Merge Radius: 2.5
[20:52:19] [Server thread/INFO]: View Distance: 10
[20:52:19] [Server thread/INFO]: Simulation Distance: 10
[20:52:19] [Server thread/INFO]: Allow Zombie Pigmen to spawn from portal blocks: true
[20:52:19] [Server thread/INFO]: Nerfing mobs spawned from spawners: false
[20:52:19] [Server thread/INFO]: Arrow Despawn Rate: 1200 Trident Respawn Rate:1200
[20:52:19] [Server thread/INFO]: Zombie Aggressive Towards Villager: true
[20:52:19] [Server thread/INFO]: Mob Spawn Range: 6
[20:52:19] [Server thread/INFO]: Cactus Growth Modifier: 100%
[20:52:19] [Server thread/INFO]: Cane Growth Modifier: 100%
[20:52:19] [Server thread/INFO]: Melon Growth Modifier: 100%
[20:52:19] [Server thread/INFO]: Mushroom Growth Modifier: 100%
[20:52:19] [Server thread/INFO]: Pumpkin Growth Modifier: 100%
[20:52:19] [Server thread/INFO]: Sapling Growth Modifier: 100%
[20:52:19] [Server thread/INFO]: Beetroot Growth Modifier: 100%
[20:52:19] [Server thread/INFO]: Carrot Growth Modifier: 100%
[20:52:19] [Server thread/INFO]: Potato Growth Modifier: 100%
[20:52:19] [Server thread/INFO]: Wheat Growth Modifier: 100%
[20:52:19] [Server thread/INFO]: NetherWart Growth Modifier: 100%
[20:52:19] [Server thread/INFO]: Vine Growth Modifier: 100%
[20:52:19] [Server thread/INFO]: Cocoa Growth Modifier: 100%
[20:52:19] [Server thread/INFO]: Bamboo Growth Modifier: 100%
[20:52:19] [Server thread/INFO]: SweetBerry Growth Modifier: 100%
[20:52:19] [Server thread/INFO]: Kelp Growth Modifier: 100%
[20:52:19] [Server thread/INFO]: Experience Merge Radius: 3.0
[20:52:19] [Server thread/INFO]: Entity Tracking Range: Pl 48 / An 48 / Mo 48 / Mi 32 / Other 64
[20:52:19] [Server thread/INFO]: Entity Activation Range: An 32 / Mo 32 / Ra 48 / Mi 16 / Tiv true / Isa false
[20:52:19] [Server thread/INFO]: Hopper Transfer: 8 Hopper Check: 1 Hopper Amount: 1 Hopper Can Load Chunks: false
[20:52:19] [Server thread/INFO]: Custom Map Seeds:  Village: 10387312 Desert: 14357617 Igloo: 14357618 Jungle: 14357619 Swamp: 14357620 Monument: 10387313 Ocean: 14357621 Shipwreck: 165745295 End City: 10387313 Slime: 987234911 Nether: 30084232 Mansion: 10387319 Fossil: 14357921 Portal: 34222645
[20:52:19] [Server thread/INFO]: Max TNT Explosions: 100
[20:52:19] [Server thread/INFO]: Tile Max Tick Time: 50ms Entity max Tick Time: 50ms
[20:52:19] [Server thread/INFO]: -------- World Settings For [world_nether] --------
[20:52:19] [Server thread/INFO]: Item Despawn Rate: 6000
[20:52:19] [Server thread/INFO]: Item Merge Radius: 2.5
[20:52:19] [Server thread/INFO]: View Distance: 10
[20:52:19] [Server thread/INFO]: Simulation Distance: 10
[20:52:19] [Server thread/INFO]: Allow Zombie Pigmen to spawn from portal blocks: true
[20:52:19] [Server thread/INFO]: Nerfing mobs spawned from spawners: false
[20:52:19] [Server thread/INFO]: Arrow Despawn Rate: 1200 Trident Respawn Rate:1200
[20:52:19] [Server thread/INFO]: Zombie Aggressive Towards Villager: true
[20:52:19] [Server thread/INFO]: Mob Spawn Range: 6
[20:52:19] [Server thread/INFO]: Cactus Growth Modifier: 100%
[20:52:19] [Server thread/INFO]: Cane Growth Modifier: 100%
[20:52:19] [Server thread/INFO]: Melon Growth Modifier: 100%
[20:52:19] [Server thread/INFO]: Mushroom Growth Modifier: 100%
[20:52:19] [Server thread/INFO]: Pumpkin Growth Modifier: 100%
[20:52:19] [Server thread/INFO]: Sapling Growth Modifier: 100%
[20:52:19] [Server thread/INFO]: Beetroot Growth Modifier: 100%
[20:52:19] [Server thread/INFO]: Carrot Growth Modifier: 100%
[20:52:19] [Server thread/INFO]: Potato Growth Modifier: 100%
[20:52:19] [Server thread/INFO]: Wheat Growth Modifier: 100%
[20:52:19] [Server thread/INFO]: NetherWart Growth Modifier: 100%
[20:52:19] [Server thread/INFO]: Vine Growth Modifier: 100%
[20:52:19] [Server thread/INFO]: Cocoa Growth Modifier: 100%
[20:52:19] [Server thread/INFO]: Bamboo Growth Modifier: 100%
[20:52:19] [Server thread/INFO]: SweetBerry Growth Modifier: 100%
[20:52:19] [Server thread/INFO]: Kelp Growth Modifier: 100%
[20:52:19] [Server thread/INFO]: Experience Merge Radius: 3.0
[20:52:19] [Server thread/INFO]: Entity Tracking Range: Pl 48 / An 48 / Mo 48 / Mi 32 / Other 64
[20:52:19] [Server thread/INFO]: Entity Activation Range: An 32 / Mo 32 / Ra 48 / Mi 16 / Tiv true / Isa false
[20:52:19] [Server thread/INFO]: Hopper Transfer: 8 Hopper Check: 1 Hopper Amount: 1 Hopper Can Load Chunks: false
[20:52:19] [Server thread/INFO]: Custom Map Seeds:  Village: 10387312 Desert: 14357617 Igloo: 14357618 Jungle: 14357619 Swamp: 14357620 Monument: 10387313 Ocean: 14357621 Shipwreck: 165745295 End City: 10387313 Slime: 987234911 Nether: 30084232 Mansion: 10387319 Fossil: 14357921 Portal: 34222645
[20:52:19] [Server thread/INFO]: Max TNT Explosions: 100
[20:52:19] [Server thread/INFO]: Tile Max Tick Time: 50ms Entity max Tick Time: 50ms
[20:52:19] [Server thread/INFO]: -------- World Settings For [world_the_end] --------
[20:52:19] [Server thread/INFO]: Item Despawn Rate: 6000
[20:52:19] [Server thread/INFO]: Item Merge Radius: 2.5
[20:52:19] [Server thread/INFO]: View Distance: 10
[20:52:19] [Server thread/INFO]: Simulation Distance: 10
[20:52:19] [Server thread/INFO]: Allow Zombie Pigmen to spawn from portal blocks: true
[20:52:19] [Server thread/INFO]: Nerfing mobs spawned from spawners: false
[20:52:19] [Server thread/INFO]: Arrow Despawn Rate: 1200 Trident Respawn Rate:1200
[20:52:19] [Server thread/INFO]: Zombie Aggressive Towards Villager: true
[20:52:19] [Server thread/INFO]: Mob Spawn Range: 6
[20:52:19] [Server thread/INFO]: Cactus Growth Modifier: 100%
[20:52:19] [Server thread/INFO]: Cane Growth Modifier: 100%
[20:52:19] [Server thread/INFO]: Melon Growth Modifier: 100%
[20:52:19] [Server thread/INFO]: Mushroom Growth Modifier: 100%
[20:52:19] [Server thread/INFO]: Pumpkin Growth Modifier: 100%
[20:52:19] [Server thread/INFO]: Sapling Growth Modifier: 100%
[20:52:19] [Server thread/INFO]: Beetroot Growth Modifier: 100%
[20:52:19] [Server thread/INFO]: Carrot Growth Modifier: 100%
[20:52:19] [Server thread/INFO]: Potato Growth Modifier: 100%
[20:52:19] [Server thread/INFO]: Wheat Growth Modifier: 100%
[20:52:19] [Server thread/INFO]: NetherWart Growth Modifier: 100%
[20:52:19] [Server thread/INFO]: Vine Growth Modifier: 100%
[20:52:19] [Server thread/INFO]: Cocoa Growth Modifier: 100%
[20:52:19] [Server thread/INFO]: Bamboo Growth Modifier: 100%
[20:52:19] [Server thread/INFO]: SweetBerry Growth Modifier: 100%
[20:52:19] [Server thread/INFO]: Kelp Growth Modifier: 100%
[20:52:19] [Server thread/INFO]: Experience Merge Radius: 3.0
[20:52:19] [Server thread/INFO]: Entity Tracking Range: Pl 48 / An 48 / Mo 48 / Mi 32 / Other 64
[20:52:19] [Server thread/INFO]: Entity Activation Range: An 32 / Mo 32 / Ra 48 / Mi 16 / Tiv true / Isa false
[20:52:19] [Server thread/INFO]: Hopper Transfer: 8 Hopper Check: 1 Hopper Amount: 1 Hopper Can Load Chunks: false
[20:52:19] [Server thread/INFO]: Custom Map Seeds:  Village: 10387312 Desert: 14357617 Igloo: 14357618 Jungle: 14357619 Swamp: 14357620 Monument: 10387313 Ocean: 14357621 Shipwreck: 165745295 End City: 10387313 Slime: 987234911 Nether: 30084232 Mansion: 10387319 Fossil: 14357921 Portal: 34222645
[20:52:19] [Server thread/INFO]: Max TNT Explosions: 100
[20:52:19] [Server thread/INFO]: Tile Max Tick Time: 50ms Entity max Tick Time: 50ms
[20:52:20] [Server thread/INFO]: Preparing start region for dimension minecraft:overworld
[20:52:22] [Worker-Main-1/INFO]: Preparing spawn area: 0%
[20:52:22] [Worker-Main-1/INFO]: Preparing spawn area: 0%
[20:52:22] [Worker-Main-9/INFO]: Preparing spawn area: 0%
[20:52:22] [Worker-Main-9/INFO]: Preparing spawn area: 0%
[20:52:22] [Worker-Main-10/INFO]: Preparing spawn area: 0%
[20:52:22] [Worker-Main-1/INFO]: Preparing spawn area: 0%
[20:52:23] [Worker-Main-4/INFO]: Preparing spawn area: 4%
[20:52:23] [Worker-Main-4/INFO]: Preparing spawn area: 59%
[20:52:23] [Server thread/INFO]: Time elapsed: 3684 ms
[20:52:23] [Server thread/INFO]: Preparing start region for dimension minecraft:the_nether
[20:52:25] [Worker-Main-14/INFO]: Preparing spawn area: 0%
[20:52:25] [Worker-Main-10/INFO]: Preparing spawn area: 0%
[20:52:25] [Worker-Main-2/INFO]: Preparing spawn area: 0%
[20:52:25] [Worker-Main-10/INFO]: Preparing spawn area: 2%
[20:52:25] [Server thread/INFO]: Time elapsed: 1880 ms
[20:52:25] [Server thread/INFO]: Preparing start region for dimension minecraft:the_end
[20:52:26] [Worker-Main-3/INFO]: Preparing spawn area: 0%
[20:52:26] [Worker-Main-5/INFO]: Preparing spawn area: 0%
[20:52:26] [Worker-Main-15/INFO]: Preparing spawn area: 0%
[20:52:27] [Server thread/INFO]: Time elapsed: 1383 ms
[20:52:27] [Server thread/INFO]: Server permissions file permissions.yml is empty, ignoring it
[20:52:27] [Server thread/INFO]: Done (7.540s)! For help, type "help"
[20:52:27] [Server thread/INFO]: Starting remote control listener
[20:52:27] [Server thread/INFO]: Thread RCON Listener started
[20:52:27] [Server thread/INFO]: RCON running on 0.0.0.0:25575
[20:53:07] [Server thread/INFO]: Unknown command. Type "/help" for help.
[20:53:09] [Server thread/INFO]: Unknown command. Type "/help" for help.
[20:53:10] [Server thread/INFO]: Unknown command. Type "/help" for help.
[20:53:12] [Server thread/INFO]: --------- Help: Index ---------------------------
[20:53:12] [Server thread/INFO]: Use /help [n] to get page n of help.
[20:53:12] [Server thread/INFO]: Aliases: Lists command aliases
[20:53:12] [Server thread/INFO]: Bukkit: All commands for Bukkit
[20:53:12] [Server thread/INFO]: Minecraft: All commands for Minecraft
[20:53:12] [Server thread/INFO]: /advancement: A Mojang provided command.
[20:53:12] [Server thread/INFO]: /attribute: A Mojang provided command.
[20:53:12] [Server thread/INFO]: /ban: A Mojang provided command.
[20:53:12] [Server thread/INFO]: /ban-ip: A Mojang provided command.
[20:53:12] [Server thread/INFO]: /banlist: A Mojang provided command.
[20:53:12] [Server thread/INFO]: /bossbar: A Mojang provided command.
[20:53:12] [Server thread/INFO]: /clear: A Mojang provided command.
[20:53:12] [Server thread/INFO]: /clone: A Mojang provided command.
[20:53:12] [Server thread/INFO]: /data: A Mojang provided command.
[20:53:12] [Server thread/INFO]: /datapack: A Mojang provided command.
[20:53:12] [Server thread/INFO]: /debug: A Mojang provided command.
[20:53:12] [Server thread/INFO]: /defaultgamemode: A Mojang provided command.
[20:53:12] [Server thread/INFO]: /deop: A Mojang provided command.
[20:53:12] [Server thread/INFO]: /difficulty: A Mojang provided command.
[20:53:12] [Server thread/INFO]: /effect: A Mojang provided command.
[20:53:12] [Server thread/INFO]: /enchant: A Mojang provided command.
[20:53:12] [Server thread/INFO]: /execute: A Mojang provided command.
[20:53:12] [Server thread/INFO]: /experience: A Mojang provided command.
[20:53:12] [Server thread/INFO]: /fill: A Mojang provided command.
[20:53:12] [Server thread/INFO]: /forceload: A Mojang provided command.
[20:53:12] [Server thread/INFO]: /function: A Mojang provided command.
[20:53:12] [Server thread/INFO]: /gamemode: A Mojang provided command.
[20:53:12] [Server thread/INFO]: /gamerule: A Mojang provided command.
[20:53:12] [Server thread/INFO]: /give: A Mojang provided command.
[20:53:12] [Server thread/INFO]: /help: Shows the help menu
[20:53:12] [Server thread/INFO]: /item: A Mojang provided command.
[20:53:12] [Server thread/INFO]: /jfr: A Mojang provided command.
[20:53:12] [Server thread/INFO]: /kick: A Mojang provided command.
[20:53:12] [Server thread/INFO]: /kill: A Mojang provided command.
[20:53:12] [Server thread/INFO]: /list: A Mojang provided command.
[20:53:12] [Server thread/INFO]: /locate: A Mojang provided command.
[20:53:12] [Server thread/INFO]: /loot: A Mojang provided command.
[20:53:12] [Server thread/INFO]: /me: A Mojang provided command.
[20:53:12] [Server thread/INFO]: /minecraft:help: A Mojang provided command.
[20:53:12] [Server thread/INFO]: /minecraft:reload: A Mojang provided command.
[20:53:12] [Server thread/INFO]: /msg: A Mojang provided command.
[20:53:12] [Server thread/INFO]: /op: A Mojang provided command.
[20:53:12] [Server thread/INFO]: /pardon: A Mojang provided command.
[20:53:12] [Server thread/INFO]: /pardon-ip: A Mojang provided command.
[20:53:12] [Server thread/INFO]: /particle: A Mojang provided command.
[20:53:12] [Server thread/INFO]: /perf: A Mojang provided command.
[20:53:12] [Server thread/INFO]: /place: A Mojang provided command.
[20:53:12] [Server thread/INFO]: /playsound: A Mojang provided command.
[20:53:12] [Server thread/INFO]: /plugins: Gets a list of plugins running on the server
[20:53:12] [Server thread/INFO]: /recipe: A Mojang provided command.
[20:53:12] [Server thread/INFO]: /reload: Reloads the server configuration and plugins
[20:53:12] [Server thread/INFO]: /restart: Restarts the server
[20:53:12] [Server thread/INFO]: /save-all: A Mojang provided command.
[20:53:12] [Server thread/INFO]: /save-off: A Mojang provided command.
[20:53:12] [Server thread/INFO]: /save-on: A Mojang provided command.
[20:53:12] [Server thread/INFO]: /say: A Mojang provided command.
[20:53:12] [Server thread/INFO]: /schedule: A Mojang provided command.
[20:53:12] [Server thread/INFO]: /scoreboard: A Mojang provided command.
[20:53:12] [Server thread/INFO]: /seed: A Mojang provided command.
[20:53:12] [Server thread/INFO]: /setblock: A Mojang provided command.
[20:53:12] [Server thread/INFO]: /setidletimeout: A Mojang provided command.
[20:53:12] [Server thread/INFO]: /setworldspawn: A Mojang provided command.
[20:53:12] [Server thread/INFO]: /spawnpoint: A Mojang provided command.
[20:53:12] [Server thread/INFO]: /spectate: A Mojang provided command.
[20:53:12] [Server thread/INFO]: /spigot: Spigot related commands
[20:53:12] [Server thread/INFO]: /spreadplayers: A Mojang provided command.
[20:53:12] [Server thread/INFO]: /stop: A Mojang provided command.
[20:53:12] [Server thread/INFO]: /stopsound: A Mojang provided command.
[20:53:12] [Server thread/INFO]: /summon: A Mojang provided command.
[20:53:12] [Server thread/INFO]: /tag: A Mojang provided command.
[20:53:12] [Server thread/INFO]: /team: A Mojang provided command.
[20:53:12] [Server thread/INFO]: /teammsg: A Mojang provided command.
[20:53:12] [Server thread/INFO]: /teleport: A Mojang provided command.
[20:53:12] [Server thread/INFO]: /tell: A Mojang provided command.
[20:53:12] [Server thread/INFO]: /tellraw: A Mojang provided command.
[20:53:12] [Server thread/INFO]: /time: A Mojang provided command.
[20:53:12] [Server thread/INFO]: /timings: Manages Spigot Timings data to see performance of the server.
[20:53:12] [Server thread/INFO]: /title: A Mojang provided command.
[20:53:12] [Server thread/INFO]: /tm: A Mojang provided command.
[20:53:12] [Server thread/INFO]: /tp: A Mojang provided command.
[20:53:12] [Server thread/INFO]: /tps: Gets the current ticks per second for the server
[20:53:12] [Server thread/INFO]: /trigger: A Mojang provided command.
[20:53:12] [Server thread/INFO]: /version: Gets the version of this server including any plugins in use
[20:53:12] [Server thread/INFO]: /w: A Mojang provided command.
[20:53:12] [Server thread/INFO]: /weather: A Mojang provided command.
[20:53:12] [Server thread/INFO]: /whitelist: A Mojang provided command.
[20:53:12] [Server thread/INFO]: /worldborder: A Mojang provided command.
[20:53:12] [Server thread/INFO]: /xp: A Mojang provided command.
[20:53:59] [Server thread/INFO]: [Not Secure] [Server] hello world
[20:54:28] [User Authenticator #1/INFO]: UUID of player ElRamires is c0355ec8-6e26-41a1-b30f-737b245f9b74
[20:54:28] [Server thread/INFO]: ElRamires joined the game
[20:54:29] [Server thread/INFO]: ElRamires[/[0:0:0:0:0:0:0:1]:52012] logged in with entity id 182 at ([world]262.30000001192093, 64.0, 59.09981587541424)
[20:54:51] [Server thread/INFO]: [Not Secure] [Server] hello world from server
[20:55:02] [Async Chat Thread - #0/INFO]: <ElRamires> dousgfdohgjdf
[20:55:52] [Server thread/INFO]: ElRamires fell from a high place
[20:56:06] [Server thread/INFO]: ElRamires lost connection: Disconnected
[20:56:06] [Server thread/INFO]: ElRamires left the game
